android/app/build/intermediates/manifest_merge_blame_file/debug/processDebugMainManifest/manifest-merger-blame-debug-report.txt
1<?xml version="1.0" encoding="utf-8"?>
2<manifest xmlns:android="http://schemas.android.com/apk/res/android"
3    package="com.vinditscandit.nfctagmanager"
4    android:versionCode="1"
5    android:versionName="1.0.0" >
6
7    <uses-sdk
8        android:minSdkVersion="24"
9        android:targetSdkVersion="34" />
10
11    <!-- Internet permission for API calls -->
12    <uses-permission android:name="android.permission.INTERNET" />
12-->src\main\AndroidManifest.xml:6:5-67
12-->src\main\AndroidManifest.xml:6:22-64
13    <uses-permission android:name="android.permission.ACCESS_NETWORK_STATE" />
13-->src\main\AndroidManifest.xml:7:5-79
13-->src\main\AndroidManifest.xml:7:22-76
14
15    <!-- NFC permissions -->
16    <uses-permission android:name="android.permission.NFC" />
16-->src\main\AndroidManifest.xml:10:5-62
16-->src\main\AndroidManifest.xml:10:22-59
17
18    <uses-feature
18-->src\main\AndroidManifest.xml:11:5-13:35
19        android:name="android.hardware.nfc"
19-->src\main\AndroidManifest.xml:12:9-44
20        android:required="true" />
20-->src\main\AndroidManifest.xml:13:9-32
21
22    <uses-permission android:name="android.permission.USE_BIOMETRIC" /> <!-- suppress DeprecatedClassUsageInspection -->
22-->[androidx.biometric:biometric:1.1.0] AndroidManifest.xml:24:5-72
22-->[androidx.biometric:biometric:1.1.0] AndroidManifest.xml:24:22-69
23    <uses-permission android:name="android.permission.USE_FINGERPRINT" />
23-->[androidx.biometric:biometric:1.1.0] AndroidManifest.xml:27:5-74
23-->[androidx.biometric:biometric:1.1.0] AndroidManifest.xml:27:22-71
24
25    <permission
25-->[androidx.core:core:1.12.0] AndroidManifest.xml:22:5-24:47
26        android:name="com.vinditscandit.nfctagmanager.DYNAMIC_RECEIVER_NOT_EXPORTED_PERMISSION"
26-->[androidx.core:core:1.12.0] AndroidManifest.xml:23:9-81
27        android:protectionLevel="signature" />
27-->[androidx.core:core:1.12.0] AndroidManifest.xml:24:9-44
28
29    <uses-permission android:name="com.vinditscandit.nfctagmanager.DYNAMIC_RECEIVER_NOT_EXPORTED_PERMISSION" />
29-->[androidx.core:core:1.12.0] AndroidManifest.xml:26:5-97
29-->[androidx.core:core:1.12.0] AndroidManifest.xml:26:22-94
30
31    <application
31-->src\main\AndroidManifest.xml:15:5-76:19
32        android:allowBackup="true"
32-->src\main\AndroidManifest.xml:16:9-35
33        android:appComponentFactory="androidx.core.app.CoreComponentFactory"
33-->[androidx.core:core:1.12.0] AndroidManifest.xml:28:18-86
34        android:debuggable="true"
35        android:extractNativeLibs="false"
36        android:icon="@mipmap/ic_launcher"
36-->src\main\AndroidManifest.xml:17:9-43
37        android:label="@string/app_name"
37-->src\main\AndroidManifest.xml:18:9-41
38        android:roundIcon="@mipmap/ic_launcher"
38-->src\main\AndroidManifest.xml:19:9-48
39        android:supportsRtl="true"
39-->src\main\AndroidManifest.xml:20:9-35
40        android:theme="@style/Theme.NFCTagManager" >
40-->src\main\AndroidManifest.xml:21:9-51
41        <activity
41-->src\main\AndroidManifest.xml:25:9-50:20
42            android:name="com.vinditscandit.nfctagmanager.ui.MainActivity"
42-->src\main\AndroidManifest.xml:26:13-44
43            android:exported="true"
43-->src\main\AndroidManifest.xml:27:13-36
44            android:launchMode="singleTop"
44-->src\main\AndroidManifest.xml:28:13-43
45            android:theme="@style/Theme.NFCTagManager" >
45-->src\main\AndroidManifest.xml:29:13-55
46            <intent-filter>
46-->src\main\AndroidManifest.xml:30:13-33:29
47                <action android:name="android.intent.action.MAIN" />
47-->src\main\AndroidManifest.xml:31:17-69
47-->src\main\AndroidManifest.xml:31:25-66
48
49                <category android:name="android.intent.category.LAUNCHER" />
49-->src\main\AndroidManifest.xml:32:17-77
49-->src\main\AndroidManifest.xml:32:27-74
50            </intent-filter>
51
52            <!-- NFC Intent Filters -->
53            <intent-filter>
53-->src\main\AndroidManifest.xml:36:13-40:29
54                <action android:name="android.nfc.action.NDEF_DISCOVERED" />
54-->src\main\AndroidManifest.xml:37:17-77
54-->src\main\AndroidManifest.xml:37:25-74
55
56                <category android:name="android.intent.category.DEFAULT" />
56-->src\main\AndroidManifest.xml:38:17-76
56-->src\main\AndroidManifest.xml:38:27-73
57
58                <data android:scheme="http" />
58-->src\main\AndroidManifest.xml:39:17-47
58-->src\main\AndroidManifest.xml:39:23-44
59            </intent-filter>
60            <intent-filter>
60-->src\main\AndroidManifest.xml:41:13-45:29
61                <action android:name="android.nfc.action.NDEF_DISCOVERED" />
61-->src\main\AndroidManifest.xml:37:17-77
61-->src\main\AndroidManifest.xml:37:25-74
62
63                <category android:name="android.intent.category.DEFAULT" />
63-->src\main\AndroidManifest.xml:38:17-76
63-->src\main\AndroidManifest.xml:38:27-73
64
65                <data android:scheme="https" />
65-->src\main\AndroidManifest.xml:39:17-47
65-->src\main\AndroidManifest.xml:39:23-44
66            </intent-filter>
67            <intent-filter>
67-->src\main\AndroidManifest.xml:46:13-49:29
68                <action android:name="android.nfc.action.TAG_DISCOVERED" />
68-->src\main\AndroidManifest.xml:47:17-76
68-->src\main\AndroidManifest.xml:47:25-73
69
70                <category android:name="android.intent.category.DEFAULT" />
70-->src\main\AndroidManifest.xml:38:17-76
70-->src\main\AndroidManifest.xml:38:27-73
71            </intent-filter>
72        </activity>
73        <activity
73-->src\main\AndroidManifest.xml:52:9-55:58
74            android:name="com.vinditscandit.nfctagmanager.ui.LoginActivity"
74-->src\main\AndroidManifest.xml:53:13-45
75            android:exported="false"
75-->src\main\AndroidManifest.xml:54:13-37
76            android:theme="@style/Theme.NFCTagManager" />
76-->src\main\AndroidManifest.xml:55:13-55
77        <activity
77-->src\main\AndroidManifest.xml:57:9-60:58
78            android:name="com.vinditscandit.nfctagmanager.ui.RegisterActivity"
78-->src\main\AndroidManifest.xml:58:13-48
79            android:exported="false"
79-->src\main\AndroidManifest.xml:59:13-37
80            android:theme="@style/Theme.NFCTagManager" />
80-->src\main\AndroidManifest.xml:60:13-55
81        <activity
81-->src\main\AndroidManifest.xml:62:9-65:58
82            android:name="com.vinditscandit.nfctagmanager.ui.TagSelectionActivity"
82-->src\main\AndroidManifest.xml:63:13-52
83            android:exported="false"
83-->src\main\AndroidManifest.xml:64:13-37
84            android:theme="@style/Theme.NFCTagManager" />
84-->src\main\AndroidManifest.xml:65:13-55
85        <activity
85-->src\main\AndroidManifest.xml:67:9-70:58
86            android:name="com.vinditscandit.nfctagmanager.ui.TagEditActivity"
86-->src\main\AndroidManifest.xml:68:13-47
87            android:exported="false"
87-->src\main\AndroidManifest.xml:69:13-37
88            android:theme="@style/Theme.NFCTagManager" />
88-->src\main\AndroidManifest.xml:70:13-55
89        <activity
89-->src\main\AndroidManifest.xml:72:9-75:58
90            android:name="com.vinditscandit.nfctagmanager.ui.SettingsActivity"
90-->src\main\AndroidManifest.xml:73:13-48
91            android:exported="false"
91-->src\main\AndroidManifest.xml:74:13-37
92            android:theme="@style/Theme.NFCTagManager" />
92-->src\main\AndroidManifest.xml:75:13-55
93        <activity
93-->[com.google.android.gms:play-services-auth:21.2.0] AndroidManifest.xml:23:9-27:75
94            android:name="com.google.android.gms.auth.api.signin.internal.SignInHubActivity"
94-->[com.google.android.gms:play-services-auth:21.2.0] AndroidManifest.xml:24:13-93
95            android:excludeFromRecents="true"
95-->[com.google.android.gms:play-services-auth:21.2.0] AndroidManifest.xml:25:13-46
96            android:exported="false"
96-->[com.google.android.gms:play-services-auth:21.2.0] AndroidManifest.xml:26:13-37
97            android:theme="@android:style/Theme.Translucent.NoTitleBar" />
97-->[com.google.android.gms:play-services-auth:21.2.0] AndroidManifest.xml:27:13-72
98        <!--
99            Service handling Google Sign-In user revocation. For apps that do not integrate with
100            Google Sign-In, this service will never be started.
101        -->
102        <service
102-->[com.google.android.gms:play-services-auth:21.2.0] AndroidManifest.xml:33:9-37:51
103            android:name="com.google.android.gms.auth.api.signin.RevocationBoundService"
103-->[com.google.android.gms:play-services-auth:21.2.0] AndroidManifest.xml:34:13-89
104            android:exported="true"
104-->[com.google.android.gms:play-services-auth:21.2.0] AndroidManifest.xml:35:13-36
105            android:permission="com.google.android.gms.auth.api.signin.permission.REVOCATION_NOTIFICATION"
105-->[com.google.android.gms:play-services-auth:21.2.0] AndroidManifest.xml:36:13-107
106            android:visibleToInstantApps="true" />
106-->[com.google.android.gms:play-services-auth:21.2.0] AndroidManifest.xml:37:13-48
107
108        <activity
108-->[com.google.android.gms:play-services-base:18.3.0] AndroidManifest.xml:20:9-22:45
109            android:name="com.google.android.gms.common.api.GoogleApiActivity"
109-->[com.google.android.gms:play-services-base:18.3.0] AndroidManifest.xml:20:19-85
110            android:exported="false"
110-->[com.google.android.gms:play-services-base:18.3.0] AndroidManifest.xml:22:19-43
111            android:theme="@android:style/Theme.Translucent.NoTitleBar" />
111-->[com.google.android.gms:play-services-base:18.3.0] AndroidManifest.xml:21:19-78
112
113        <meta-data
113-->[com.google.android.gms:play-services-basement:18.3.0] AndroidManifest.xml:21:9-23:69
114            android:name="com.google.android.gms.version"
114-->[com.google.android.gms:play-services-basement:18.3.0] AndroidManifest.xml:22:13-58
115            android:value="@integer/google_play_services_version" />
115-->[com.google.android.gms:play-services-basement:18.3.0] AndroidManifest.xml:23:13-66
116
117        <provider
117-->[androidx.emoji2:emoji2:1.2.0] AndroidManifest.xml:24:9-32:20
118            android:name="androidx.startup.InitializationProvider"
118-->[androidx.emoji2:emoji2:1.2.0] AndroidManifest.xml:25:13-67
119            android:authorities="com.vinditscandit.nfctagmanager.androidx-startup"
119-->[androidx.emoji2:emoji2:1.2.0] AndroidManifest.xml:26:13-68
120            android:exported="false" >
120-->[androidx.emoji2:emoji2:1.2.0] AndroidManifest.xml:27:13-37
121            <meta-data
121-->[androidx.emoji2:emoji2:1.2.0] AndroidManifest.xml:29:13-31:52
122                android:name="androidx.emoji2.text.EmojiCompatInitializer"
122-->[androidx.emoji2:emoji2:1.2.0] AndroidManifest.xml:30:17-75
123                android:value="androidx.startup" />
123-->[androidx.emoji2:emoji2:1.2.0] AndroidManifest.xml:31:17-49
124            <meta-data
124-->[androidx.lifecycle:lifecycle-process:2.7.0] AndroidManifest.xml:29:13-31:52
125                android:name="androidx.lifecycle.ProcessLifecycleInitializer"
125-->[androidx.lifecycle:lifecycle-process:2.7.0] AndroidManifest.xml:30:17-78
126                android:value="androidx.startup" />
126-->[androidx.lifecycle:lifecycle-process:2.7.0] AndroidManifest.xml:31:17-49
127            <meta-data
127-->[androidx.profileinstaller:profileinstaller:1.3.0] AndroidManifest.xml:29:13-31:52
128                android:name="androidx.profileinstaller.ProfileInstallerInitializer"
128-->[androidx.profileinstaller:profileinstaller:1.3.0] AndroidManifest.xml:30:17-85
129                android:value="androidx.startup" />
129-->[androidx.profileinstaller:profileinstaller:1.3.0] AndroidManifest.xml:31:17-49
130        </provider>
131
132        <receiver
132-->[androidx.profileinstaller:profileinstaller:1.3.0] AndroidManifest.xml:34:9-52:20
133            android:name="androidx.profileinstaller.ProfileInstallReceiver"
133-->[androidx.profileinstaller:profileinstaller:1.3.0] AndroidManifest.xml:35:13-76
134            android:directBootAware="false"
134-->[androidx.profileinstaller:profileinstaller:1.3.0] AndroidManifest.xml:36:13-44
135            android:enabled="true"
135-->[androidx.profileinstaller:profileinstaller:1.3.0] AndroidManifest.xml:37:13-35
136            android:exported="true"
136-->[androidx.profileinstaller:profileinstaller:1.3.0] AndroidManifest.xml:38:13-36
137            android:permission="android.permission.DUMP" >
137-->[androidx.profileinstaller:profileinstaller:1.3.0] AndroidManifest.xml:39:13-57
138            <intent-filter>
138-->[androidx.profileinstaller:profileinstaller:1.3.0] AndroidManifest.xml:40:13-42:29
139                <action android:name="androidx.profileinstaller.action.INSTALL_PROFILE" />
139-->[androidx.profileinstaller:profileinstaller:1.3.0] AndroidManifest.xml:41:17-91
139-->[androidx.profileinstaller:profileinstaller:1.3.0] AndroidManifest.xml:41:25-88
140            </intent-filter>
141            <intent-filter>
141-->[androidx.profileinstaller:profileinstaller:1.3.0] AndroidManifest.xml:43:13-45:29
142                <action android:name="androidx.profileinstaller.action.SKIP_FILE" />
142-->[androidx.profileinstaller:profileinstaller:1.3.0] AndroidManifest.xml:44:17-85
142-->[androidx.profileinstaller:profileinstaller:1.3.0] AndroidManifest.xml:44:25-82
143            </intent-filter>
144            <intent-filter>
144-->[androidx.profileinstaller:profileinstaller:1.3.0] AndroidManifest.xml:46:13-48:29
145                <action android:name="androidx.profileinstaller.action.SAVE_PROFILE" />
145-->[androidx.profileinstaller:profileinstaller:1.3.0] AndroidManifest.xml:47:17-88
145-->[androidx.profileinstaller:profileinstaller:1.3.0] AndroidManifest.xml:47:25-85
146            </intent-filter>
147            <intent-filter>
147-->[androidx.profileinstaller:profileinstaller:1.3.0] AndroidManifest.xml:49:13-51:29
148                <action android:name="androidx.profileinstaller.action.BENCHMARK_OPERATION" />
148-->[androidx.profileinstaller:profileinstaller:1.3.0] AndroidManifest.xml:50:17-95
148-->[androidx.profileinstaller:profileinstaller:1.3.0] AndroidManifest.xml:50:25-92
149            </intent-filter>
150        </receiver>
151    </application>
152
153</manifest>